app/build/outputs/logs/manifest-merger-debug-report.txt
-- Merging decision tree log ---
manifest
ADDED from src/main/AndroidManifest.xml:2:1-585:12
INJECTED from src/main/AndroidManifest.xml:2:1-585:12
INJECTED from src/main/AndroidManifest.xml:2:1-585:12
INJECTED from src/main/AndroidManifest.xml:2:1-585:12
MERGED from [com.github.pchmn:MaterialChipsInput:1.0.5] AndroidManifest.xml:2:1-17:12
MERGED from [com.wdullaer:materialdatetimepicker:3.2.0] AndroidManifest.xml:17:1-30:12
MERGED from [com.android.support:design:27.0.2] AndroidManifest.xml:17:1-22:12
MERGED from [com.android.support:appcompat-v7:27.0.2] AndroidManifest.xml:17:1-22:12
MERGED from [com.android.support:cardview-v7:27.0.2] AndroidManifest.xml:17:1-22:12
MERGED from [com.android.support:recyclerview-v7:27.0.2] AndroidManifest.xml:17:1-22:12
MERGED from [com.google.android.gms:play-services-places:11.8.0] AndroidManifest.xml:17:1-24:12
MERGED from [com.google.android.gms:play-services-maps:11.8.0] AndroidManifest.xml:17:1-32:12
MERGED from [com.google.android.gms:play-services-base:11.8.0] AndroidManifest.xml:17:1-29:12
MERGED from [com.google.android.gms:play-services-tasks:11.8.0] AndroidManifest.xml:2:1-9:12
MERGED from [com.google.android.gms:play-services-basement:11.8.0] AndroidManifest.xml:17:1-28:12
MERGED from [com.android.support:support-v13:27.0.2] AndroidManifest.xml:17:1-22:12
MERGED from [com.android.support:support-v4:27.0.2] AndroidManifest.xml:17:1-22:12
MERGED from [com.balysv:material-ripple:1.0.2] AndroidManifest.xml:2:1-14:12
MERGED from [com.mikhaellopez:circularimageview:3.0.2] AndroidManifest.xml:2:1-15:12
MERGED from [com.hootsuite.android:nachos:1.1.1] AndroidManifest.xml:2:1-11:12
MERGED from [com.google.android:flexbox:0.3.2] AndroidManifest.xml:17:1-27:12
MERGED from [com.android.support.constraint:constraint-layout:1.0.2] AndroidManifest.xml:2:1-11:12
MERGED from [com.android.support:animated-vector-drawable:27.0.2] AndroidManifest.xml:17:1-22:12
MERGED from [com.android.support:support-vector-drawable:27.0.2] AndroidManifest.xml:17:1-22:12
MERGED from [com.jakewharton:butterknife:8.5.1] AndroidManifest.xml:2:1-7:12
MERGED from [com.android.support:support-media-compat:27.0.2] AndroidManifest.xml:17:1-22:12
MERGED from [com.android.support:support-fragment:27.0.2] AndroidManifest.xml:17:1-22:12
MERGED from [com.android.support:support-core-utils:27.0.2] AndroidManifest.xml:17:1-22:12
MERGED from [com.android.support:support-core-ui:27.0.2] AndroidManifest.xml:17:1-22:12
MERGED from [com.android.support:transition:27.0.2] AndroidManifest.xml:17:1-22:12
MERGED from [com.android.support:support-compat:27.0.2] AndroidManifest.xml:17:1-22:12
MERGED from [com.google.android.gms:play-services-maps-license:11.8.0] AndroidManifest.xml:2:1-6:12
MERGED from [com.google.android.gms:play-services-places-license:11.8.0] AndroidManifest.xml:2:1-6:12
MERGED from [com.beloo.widget:ChipsLayoutManager:0.3.7] AndroidManifest.xml:2:1-12:12
MERGED from [de.hdodenhof:circleimageview:2.1.0] AndroidManifest.xml:2:1-11:12
MERGED from [com.google.android.gms:play-services-base-license:11.8.0] AndroidManifest.xml:2:1-6:12
MERGED from [com.google.android.gms:play-services-basement-license:11.8.0] AndroidManifest.xml:2:1-6:12
MERGED from [com.google.android.gms:play-services-tasks-license:11.8.0] AndroidManifest.xml:2:1-6:12
MERGED from [android.arch.lifecycle:runtime:1.0.3] AndroidManifest.xml:17:1-24:12
INJECTED from src/main/AndroidManifest.xml:2:1-585:12
INJECTED from src/main/AndroidManifest.xml:2:1-585:12
INJECTED from src/main/AndroidManifest.xml:2:1-585:12
	package
		ADDED from src/main/AndroidManifest.xml:3:5-38
		INJECTED from src/main/AndroidManifest.xml
		INJECTED from src/main/AndroidManifest.xml
	android:versionName
		INJECTED from src/main/AndroidManifest.xml
		ADDED from src/main/AndroidManifest.xml:2:1-585:12
		INJECTED from src/main/AndroidManifest.xml
	android:versionCode
		INJECTED from src/main/AndroidManifest.xml
		ADDED from src/main/AndroidManifest.xml:2:1-585:12
		INJECTED from src/main/AndroidManifest.xml
	xmlns:android
		ADDED from src/main/AndroidManifest.xml:2:11-69
uses-permission#android.permission.ACCESS_NETWORK_STATE
ADDED from src/main/AndroidManifest.xml:5:5-79
MERGED from [com.google.android.gms:play-services-maps:11.8.0] AndroidManifest.xml:23:5-79
MERGED from [com.google.android.gms:play-services-maps:11.8.0] AndroidManifest.xml:23:5-79
	android:name
		ADDED from src/main/AndroidManifest.xml:5:22-76
uses-permission#android.permission.INTERNET
ADDED from src/main/AndroidManifest.xml:6:5-67
MERGED from [com.google.android.gms:play-services-maps:11.8.0] AndroidManifest.xml:24:5-67
MERGED from [com.google.android.gms:play-services-maps:11.8.0] AndroidManifest.xml:24:5-67
	android:name
		ADDED from src/main/AndroidManifest.xml:6:22-64
application
ADDED from src/main/AndroidManifest.xml:8:5-583:19
MERGED from [com.github.pchmn:MaterialChipsInput:1.0.5] AndroidManifest.xml:11:5-15:19
MERGED from [com.github.pchmn:MaterialChipsInput:1.0.5] AndroidManifest.xml:11:5-15:19
MERGED from [com.wdullaer:materialdatetimepicker:3.2.0] AndroidManifest.xml:28:5-20
MERGED from [com.wdullaer:materialdatetimepicker:3.2.0] AndroidManifest.xml:28:5-20
MERGED from [com.google.android.gms:play-services-places:11.8.0] AndroidManifest.xml:22:5-20
MERGED from [com.google.android.gms:play-services-places:11.8.0] AndroidManifest.xml:22:5-20
MERGED from [com.google.android.gms:play-services-maps:11.8.0] AndroidManifest.xml:30:5-20
MERGED from [com.google.android.gms:play-services-maps:11.8.0] AndroidManifest.xml:30:5-20
MERGED from [com.google.android.gms:play-services-base:11.8.0] AndroidManifest.xml:22:5-27:19
MERGED from [com.google.android.gms:play-services-base:11.8.0] AndroidManifest.xml:22:5-27:19
MERGED from [com.google.android.gms:play-services-tasks:11.8.0] AndroidManifest.xml:7:5-20
MERGED from [com.google.android.gms:play-services-tasks:11.8.0] AndroidManifest.xml:7:5-20
MERGED from [com.google.android.gms:play-services-basement:11.8.0] AndroidManifest.xml:22:5-26:19
MERGED from [com.google.android.gms:play-services-basement:11.8.0] AndroidManifest.xml:22:5-26:19
MERGED from [com.balysv:material-ripple:1.0.2] AndroidManifest.xml:12:5-20
MERGED from [com.balysv:material-ripple:1.0.2] AndroidManifest.xml:12:5-20
MERGED from [com.mikhaellopez:circularimageview:3.0.2] AndroidManifest.xml:11:5-13:38
MERGED from [com.mikhaellopez:circularimageview:3.0.2] AndroidManifest.xml:11:5-13:38
MERGED from [com.android.support.constraint:constraint-layout:1.0.2] AndroidManifest.xml:9:5-20
MERGED from [com.android.support.constraint:constraint-layout:1.0.2] AndroidManifest.xml:9:5-20
MERGED from [com.google.android.gms:play-services-maps-license:11.8.0] AndroidManifest.xml:5:5-20
MERGED from [com.google.android.gms:play-services-maps-license:11.8.0] AndroidManifest.xml:5:5-20
MERGED from [com.google.android.gms:play-services-places-license:11.8.0] AndroidManifest.xml:5:5-20
MERGED from [com.google.android.gms:play-services-places-license:11.8.0] AndroidManifest.xml:5:5-20
MERGED from [de.hdodenhof:circleimageview:2.1.0] AndroidManifest.xml:9:5-20
MERGED from [de.hdodenhof:circleimageview:2.1.0] AndroidManifest.xml:9:5-20
MERGED from [com.google.android.gms:play-services-base-license:11.8.0] AndroidManifest.xml:5:5-20
MERGED from [com.google.android.gms:play-services-base-license:11.8.0] AndroidManifest.xml:5:5-20
MERGED from [com.google.android.gms:play-services-basement-license:11.8.0] AndroidManifest.xml:5:5-20
MERGED from [com.google.android.gms:play-services-basement-license:11.8.0] AndroidManifest.xml:5:5-20
MERGED from [com.google.android.gms:play-services-tasks-license:11.8.0] AndroidManifest.xml:5:5-20
MERGED from [com.google.android.gms:play-services-tasks-license:11.8.0] AndroidManifest.xml:5:5-20
	android:supportsRtl
		ADDED from src/main/AndroidManifest.xml:13:9-35
	android:label
		ADDED from src/main/AndroidManifest.xml:11:9-41
	android:roundIcon
		ADDED from src/main/AndroidManifest.xml:12:9-54
	android:icon
		ADDED from src/main/AndroidManifest.xml:10:9-43
	android:allowBackup
		ADDED from src/main/AndroidManifest.xml:9:9-35
	android:theme
		ADDED from src/main/AndroidManifest.xml:14:9-40
uses-library#com.google.android.maps
ADDED from src/main/AndroidManifest.xml:17:9-64
	android:name
		ADDED from src/main/AndroidManifest.xml:17:23-61
meta-data#com.google.android.geo.API_KEY
ADDED from src/main/AndroidManifest.xml:20:9-22:55
	android:value
		ADDED from src/main/AndroidManifest.xml:22:13-52
	android:name
		ADDED from src/main/AndroidManifest.xml:21:13-58
activity#com.material.components.activity.MainMenu
ADDED from src/main/AndroidManifest.xml:24:9-33:20
	android:screenOrientation
		ADDED from src/main/AndroidManifest.xml:27:13-49
	android:label
		ADDED from src/main/AndroidManifest.xml:26:13-45
	android:name
		ADDED from src/main/AndroidManifest.xml:25:13-46
intent-filter#android.intent.action.MAIN+android.intent.category.LAUNCHER
ADDED from src/main/AndroidManifest.xml:28:13-32:29
action#android.intent.action.MAIN
ADDED from src/main/AndroidManifest.xml:29:17-69
	android:name
		ADDED from src/main/AndroidManifest.xml:29:25-66
category#android.intent.category.LAUNCHER
ADDED from src/main/AndroidManifest.xml:31:17-77
	android:name
		ADDED from src/main/AndroidManifest.xml:31:27-74
activity#com.material.components.activity.bottomnavigation.BottomNavigationBasic
ADDED from src/main/AndroidManifest.xml:34:9-36:52
	android:screenOrientation
		ADDED from src/main/AndroidManifest.xml:36:13-49
	android:name
		ADDED from src/main/AndroidManifest.xml:35:13-76
activity#com.material.components.activity.bottomnavigation.BottomNavigationShifting
ADDED from src/main/AndroidManifest.xml:37:9-39:52
	android:screenOrientation
		ADDED from src/main/AndroidManifest.xml:39:13-49
	android:name
		ADDED from src/main/AndroidManifest.xml:38:13-79
activity#com.material.components.activity.bottomsheet.BottomSheetBasic
ADDED from src/main/AndroidManifest.xml:40:9-42:52
	android:screenOrientation
		ADDED from src/main/AndroidManifest.xml:42:13-49
	android:name
		ADDED from src/main/AndroidManifest.xml:41:13-66
activity#com.material.components.activity.bottomsheet.BottomSheetList
ADDED from src/main/AndroidManifest.xml:43:9-45:52
	android:screenOrientation
		ADDED from src/main/AndroidManifest.xml:45:13-49
	android:name
		ADDED from src/main/AndroidManifest.xml:44:13-65
activity#com.material.components.activity.button.ButtonBasic
ADDED from src/main/AndroidManifest.xml:46:9-48:52
	android:screenOrientation
		ADDED from src/main/AndroidManifest.xml:48:13-49
	android:name
		ADDED from src/main/AndroidManifest.xml:47:13-56
activity#com.material.components.activity.card.CardBasic
ADDED from src/main/AndroidManifest.xml:49:9-51:52
	android:screenOrientation
		ADDED from src/main/AndroidManifest.xml:51:13-49
	android:name
		ADDED from src/main/AndroidManifest.xml:50:13-52
activity#com.material.components.activity.chip.ChipBasic
ADDED from src/main/AndroidManifest.xml:52:9-54:52
	android:screenOrientation
		ADDED from src/main/AndroidManifest.xml:54:13-49
	android:name
		ADDED from src/main/AndroidManifest.xml:53:13-52
activity#com.material.components.activity.dialog.DialogBasic
ADDED from src/main/AndroidManifest.xml:55:9-57:52
	android:screenOrientation
		ADDED from src/main/AndroidManifest.xml:57:13-49
	android:name
		ADDED from src/main/AndroidManifest.xml:56:13-56
activity#com.material.components.activity.expansionpanel.ExpansionPanelBasic
ADDED from src/main/AndroidManifest.xml:58:9-60:52
	android:screenOrientation
		ADDED from src/main/AndroidManifest.xml:60:13-49
	android:name
		ADDED from src/main/AndroidManifest.xml:59:13-72
activity#com.material.components.activity.gridlist.GridBasic
ADDED from src/main/AndroidManifest.xml:61:9-63:52
	android:screenOrientation
		ADDED from src/main/AndroidManifest.xml:63:13-49
	android:name
		ADDED from src/main/AndroidManifest.xml:62:13-56
activity#com.material.components.activity.list.ListBasic
ADDED from src/main/AndroidManifest.xml:64:9-66:52
	android:screenOrientation
		ADDED from src/main/AndroidManifest.xml:66:13-49
	android:name
		ADDED from src/main/AndroidManifest.xml:65:13-52
activity#com.material.components.activity.picker.PickerTimeDark
ADDED from src/main/AndroidManifest.xml:67:9-69:52
	android:screenOrientation
		ADDED from src/main/AndroidManifest.xml:69:13-49
	android:name
		ADDED from src/main/AndroidManifest.xml:68:13-59
activity#com.material.components.activity.progressactivity.ProgressBasic
ADDED from src/main/AndroidManifest.xml:70:9-72:52
	android:screenOrientation
		ADDED from src/main/AndroidManifest.xml:72:13-49
	android:name
		ADDED from src/main/AndroidManifest.xml:71:13-68
activity#com.material.components.activity.slider.SliderLight
ADDED from src/main/AndroidManifest.xml:73:9-75:52
	android:screenOrientation
		ADDED from src/main/AndroidManifest.xml:75:13-49
	android:name
		ADDED from src/main/AndroidManifest.xml:74:13-56
activity#com.material.components.activity.slider.SliderDark
ADDED from src/main/AndroidManifest.xml:76:9-78:52
	android:screenOrientation
		ADDED from src/main/AndroidManifest.xml:78:13-49
	android:name
		ADDED from src/main/AndroidManifest.xml:77:13-55
activity#com.material.components.activity.snackbartoast.SnackbarToastBasic
ADDED from src/main/AndroidManifest.xml:79:9-81:52
	android:screenOrientation
		ADDED from src/main/AndroidManifest.xml:81:13-49
	android:name
		ADDED from src/main/AndroidManifest.xml:80:13-70
activity#com.material.components.activity.stepper.StepperText
ADDED from src/main/AndroidManifest.xml:82:9-84:52
	android:screenOrientation
		ADDED from src/main/AndroidManifest.xml:84:13-49
	android:name
		ADDED from src/main/AndroidManifest.xml:83:13-57
activity#com.material.components.activity.tabs.TabsBasic
ADDED from src/main/AndroidManifest.xml:85:9-87:52
	android:screenOrientation
		ADDED from src/main/AndroidManifest.xml:87:13-49
	android:name
		ADDED from src/main/AndroidManifest.xml:86:13-52
activity#com.material.components.activity.form.FormLogin
ADDED from src/main/AndroidManifest.xml:88:9-90:52
	android:screenOrientation
		ADDED from src/main/AndroidManifest.xml:90:13-49
	android:name
		ADDED from src/main/AndroidManifest.xml:89:13-52
activity#com.material.components.activity.toolbar.ToolbarBasic
ADDED from src/main/AndroidManifest.xml:91:9-93:52
	android:screenOrientation
		ADDED from src/main/AndroidManifest.xml:93:13-49
	android:name
		ADDED from src/main/AndroidManifest.xml:92:13-58
activity#com.material.components.activity.button.FabMiddle
ADDED from src/main/AndroidManifest.xml:94:9-96:52
	android:screenOrientation
		ADDED from src/main/AndroidManifest.xml:96:13-49
	android:name
		ADDED from src/main/AndroidManifest.xml:95:13-54
activity#com.material.components.activity.button.ButtonInUtilities
ADDED from src/main/AndroidManifest.xml:97:9-99:52
	android:screenOrientation
		ADDED from src/main/AndroidManifest.xml:99:13-49
	android:name
		ADDED from src/main/AndroidManifest.xml:98:13-62
activity#com.material.components.activity.card.CardTimeline
ADDED from src/main/AndroidManifest.xml:100:9-102:52
	android:screenOrientation
		ADDED from src/main/AndroidManifest.xml:102:13-49
	android:name
		ADDED from src/main/AndroidManifest.xml:101:13-55
activity#com.material.components.activity.dialog.DialogFullscreen
ADDED from src/main/AndroidManifest.xml:103:9-105:52
	android:screenOrientation
		ADDED from src/main/AndroidManifest.xml:105:13-49
	android:name
		ADDED from src/main/AndroidManifest.xml:104:13-61
activity#com.material.components.activity.dialog.DialogCustom
ADDED from src/main/AndroidManifest.xml:106:9-108:52
	android:screenOrientation
		ADDED from src/main/AndroidManifest.xml:108:13-49
	android:name
		ADDED from src/main/AndroidManifest.xml:107:13-57
activity#com.material.components.activity.expansionpanel.ExpansionPanelTicket
ADDED from src/main/AndroidManifest.xml:109:9-111:52
	android:screenOrientation
		ADDED from src/main/AndroidManifest.xml:111:13-49
	android:name
		ADDED from src/main/AndroidManifest.xml:110:13-73
activity#com.material.components.activity.expansionpanel.ExpansionPanelInvoice
ADDED from src/main/AndroidManifest.xml:112:9-114:52
	android:screenOrientation
		ADDED from src/main/AndroidManifest.xml:114:13-49
	android:name
		ADDED from src/main/AndroidManifest.xml:113:13-74
activity#com.material.components.activity.gridlist.GridSingleLine
ADDED from src/main/AndroidManifest.xml:115:9-117:52
	android:screenOrientation
		ADDED from src/main/AndroidManifest.xml:117:13-49
	android:name
		ADDED from src/main/AndroidManifest.xml:116:13-61
activity#com.material.components.activity.gridlist.GridSectioned
ADDED from src/main/AndroidManifest.xml:118:9-120:52
	android:screenOrientation
		ADDED from src/main/AndroidManifest.xml:120:13-49
	android:name
		ADDED from src/main/AndroidManifest.xml:119:13-60
activity#com.material.components.activity.list.ListSectioned
ADDED from src/main/AndroidManifest.xml:121:9-123:52
	android:screenOrientation
		ADDED from src/main/AndroidManifest.xml:123:13-49
	android:name
		ADDED from src/main/AndroidManifest.xml:122:13-56
activity#com.material.components.activity.list.ListExpand
ADDED from src/main/AndroidManifest.xml:124:9-126:52
	android:screenOrientation
		ADDED from src/main/AndroidManifest.xml:126:13-49
	android:name
		ADDED from src/main/AndroidManifest.xml:125:13-53
activity#com.material.components.activity.list.ListDrag
ADDED from src/main/AndroidManifest.xml:127:9-129:52
	android:screenOrientation
		ADDED from src/main/AndroidManifest.xml:129:13-49
	android:name
		ADDED from src/main/AndroidManifest.xml:128:13-51
activity#com.material.components.activity.list.ListSwipe
ADDED from src/main/AndroidManifest.xml:130:9-132:52
	android:screenOrientation
		ADDED from src/main/AndroidManifest.xml:132:13-49
	android:name
		ADDED from src/main/AndroidManifest.xml:131:13-52
activity#com.material.components.activity.list.ListAnimation
ADDED from src/main/AndroidManifest.xml:133:9-135:52
	android:screenOrientation
		ADDED from src/main/AndroidManifest.xml:135:13-49
	android:name
		ADDED from src/main/AndroidManifest.xml:134:13-56
activity#com.material.components.activity.menu.MenuDrawerNews
ADDED from src/main/AndroidManifest.xml:136:9-138:52
	android:screenOrientation
		ADDED from src/main/AndroidManifest.xml:138:13-49
	android:name
		ADDED from src/main/AndroidManifest.xml:137:13-57
activity#com.material.components.activity.menu.MenuDrawerMail
ADDED from src/main/AndroidManifest.xml:139:9-141:52
	android:screenOrientation
		ADDED from src/main/AndroidManifest.xml:141:13-49
	android:name
		ADDED from src/main/AndroidManifest.xml:140:13-57
activity#com.material.components.activity.menu.MenuDrawerSimpleLight
ADDED from src/main/AndroidManifest.xml:142:9-144:52
	android:screenOrientation
		ADDED from src/main/AndroidManifest.xml:144:13-49
	android:name
		ADDED from src/main/AndroidManifest.xml:143:13-64
activity#com.material.components.activity.menu.MenuDrawerSimpleDark
ADDED from src/main/AndroidManifest.xml:145:9-147:52
	android:screenOrientation
		ADDED from src/main/AndroidManifest.xml:147:13-49
	android:name
		ADDED from src/main/AndroidManifest.xml:146:13-63
activity#com.material.components.activity.menu.MenuDrawerNoIcon
ADDED from src/main/AndroidManifest.xml:148:9-150:52
	android:screenOrientation
		ADDED from src/main/AndroidManifest.xml:150:13-49
	android:name
		ADDED from src/main/AndroidManifest.xml:149:13-59
activity#com.material.components.activity.picker.PickerDateLight
ADDED from src/main/AndroidManifest.xml:151:9-153:52
	android:screenOrientation
		ADDED from src/main/AndroidManifest.xml:153:13-49
	android:name
		ADDED from src/main/AndroidManifest.xml:152:13-60
activity#com.material.components.activity.picker.PickerDateDark
ADDED from src/main/AndroidManifest.xml:154:9-156:52
	android:screenOrientation
		ADDED from src/main/AndroidManifest.xml:156:13-49
	android:name
		ADDED from src/main/AndroidManifest.xml:155:13-59
activity#com.material.components.activity.picker.PickerTimeLight
ADDED from src/main/AndroidManifest.xml:157:9-159:52
	android:screenOrientation
		ADDED from src/main/AndroidManifest.xml:159:13-49
	android:name
		ADDED from src/main/AndroidManifest.xml:158:13-60
activity#com.material.components.activity.progressactivity.ProgressPullRefresh
ADDED from src/main/AndroidManifest.xml:160:9-162:52
	android:screenOrientation
		ADDED from src/main/AndroidManifest.xml:162:13-49
	android:name
		ADDED from src/main/AndroidManifest.xml:161:13-74
activity#com.material.components.activity.progressactivity.ProgressOnScroll
ADDED from src/main/AndroidManifest.xml:163:9-165:52
	android:screenOrientation
		ADDED from src/main/AndroidManifest.xml:165:13-49
	android:name
		ADDED from src/main/AndroidManifest.xml:164:13-71
activity#com.material.components.activity.progressactivity.ProgressLinearCenter
ADDED from src/main/AndroidManifest.xml:166:9-168:52
	android:screenOrientation
		ADDED from src/main/AndroidManifest.xml:168:13-49
	android:name
		ADDED from src/main/AndroidManifest.xml:167:13-75
activity#com.material.components.activity.slider.SliderColorPicker
ADDED from src/main/AndroidManifest.xml:169:9-171:52
	android:screenOrientation
		ADDED from src/main/AndroidManifest.xml:171:13-49
	android:name
		ADDED from src/main/AndroidManifest.xml:170:13-62
activity#com.material.components.activity.snackbartoast.SnackbarAndFab
ADDED from src/main/AndroidManifest.xml:172:9-174:52
	android:screenOrientation
		ADDED from src/main/AndroidManifest.xml:174:13-49
	android:name
		ADDED from src/main/AndroidManifest.xml:173:13-66
activity#com.material.components.activity.stepper.StepperVertical
ADDED from src/main/AndroidManifest.xml:175:9-177:52
	android:screenOrientation
		ADDED from src/main/AndroidManifest.xml:177:13-49
	android:name
		ADDED from src/main/AndroidManifest.xml:176:13-61
activity#com.material.components.activity.stepper.StepperProgress
ADDED from src/main/AndroidManifest.xml:178:9-180:52
	android:screenOrientation
		ADDED from src/main/AndroidManifest.xml:180:13-49
	android:name
		ADDED from src/main/AndroidManifest.xml:179:13-61
activity#com.material.components.activity.stepper.StepperWizardLight
ADDED from src/main/AndroidManifest.xml:181:9-183:52
	android:screenOrientation
		ADDED from src/main/AndroidManifest.xml:183:13-49
	android:name
		ADDED from src/main/AndroidManifest.xml:182:13-64
activity#com.material.components.activity.tabs.TabsIcon
ADDED from src/main/AndroidManifest.xml:184:9-186:52
	android:screenOrientation
		ADDED from src/main/AndroidManifest.xml:186:13-49
	android:name
		ADDED from src/main/AndroidManifest.xml:185:13-51
activity#com.material.components.activity.tabs.TabsTextIcon
ADDED from src/main/AndroidManifest.xml:187:9-189:52
	android:screenOrientation
		ADDED from src/main/AndroidManifest.xml:189:13-49
	android:name
		ADDED from src/main/AndroidManifest.xml:188:13-55
activity#com.material.components.activity.tabs.TabsLight
ADDED from src/main/AndroidManifest.xml:190:9-192:52
	android:screenOrientation
		ADDED from src/main/AndroidManifest.xml:192:13-49
	android:name
		ADDED from src/main/AndroidManifest.xml:191:13-52
activity#com.material.components.activity.tabs.TabsStore
ADDED from src/main/AndroidManifest.xml:193:9-195:52
	android:screenOrientation
		ADDED from src/main/AndroidManifest.xml:195:13-49
	android:name
		ADDED from src/main/AndroidManifest.xml:194:13-52
activity#com.material.components.activity.toolbar.ToolbarCollapse
ADDED from src/main/AndroidManifest.xml:196:9-198:52
	android:screenOrientation
		ADDED from src/main/AndroidManifest.xml:198:13-49
	android:name
		ADDED from src/main/AndroidManifest.xml:197:13-61
activity#com.material.components.activity.toolbar.ToolbarCollapsePin
ADDED from src/main/AndroidManifest.xml:199:9-201:52
	android:screenOrientation
		ADDED from src/main/AndroidManifest.xml:201:13-49
	android:name
		ADDED from src/main/AndroidManifest.xml:200:13-64
activity#com.material.components.activity.form.FormProfileData
ADDED from src/main/AndroidManifest.xml:202:9-204:52
	android:screenOrientation
		ADDED from src/main/AndroidManifest.xml:204:13-49
	android:name
		ADDED from src/main/AndroidManifest.xml:203:13-58
activity#com.material.components.activity.form.FormWithIcon
ADDED from src/main/AndroidManifest.xml:205:9-207:52
	android:screenOrientation
		ADDED from src/main/AndroidManifest.xml:207:13-49
	android:name
		ADDED from src/main/AndroidManifest.xml:206:13-55
activity#com.material.components.activity.tabs.TabsIconLight
ADDED from src/main/AndroidManifest.xml:208:9-210:52
	android:screenOrientation
		ADDED from src/main/AndroidManifest.xml:210:13-49
	android:name
		ADDED from src/main/AndroidManifest.xml:209:13-56
activity#com.material.components.activity.tabs.TabsIconStack
ADDED from src/main/AndroidManifest.xml:211:9-213:52
	android:screenOrientation
		ADDED from src/main/AndroidManifest.xml:213:13-49
	android:name
		ADDED from src/main/AndroidManifest.xml:212:13-56
activity#com.material.components.activity.stepper.StepperDots
ADDED from src/main/AndroidManifest.xml:214:9-216:52
	android:screenOrientation
		ADDED from src/main/AndroidManifest.xml:216:13-49
	android:name
		ADDED from src/main/AndroidManifest.xml:215:13-57
activity#com.material.components.activity.stepper.StepperWizardColor
ADDED from src/main/AndroidManifest.xml:217:9-220:59
	android:screenOrientation
		ADDED from src/main/AndroidManifest.xml:219:13-49
	android:theme
		ADDED from src/main/AndroidManifest.xml:220:13-56
	android:name
		ADDED from src/main/AndroidManifest.xml:218:13-64
activity#com.material.components.activity.progressactivity.ProgressCircleCenter
ADDED from src/main/AndroidManifest.xml:221:9-223:52
	android:screenOrientation
		ADDED from src/main/AndroidManifest.xml:223:13-49
	android:name
		ADDED from src/main/AndroidManifest.xml:222:13-75
activity#com.material.components.activity.progressactivity.ProgressLinearTop
ADDED from src/main/AndroidManifest.xml:224:9-226:52
	android:screenOrientation
		ADDED from src/main/AndroidManifest.xml:226:13-49
	android:name
		ADDED from src/main/AndroidManifest.xml:225:13-72
activity#com.material.components.activity.picker.PickerColor
ADDED from src/main/AndroidManifest.xml:227:9-229:52
	android:screenOrientation
		ADDED from src/main/AndroidManifest.xml:229:13-49
	android:name
		ADDED from src/main/AndroidManifest.xml:228:13-56
activity#com.material.components.activity.picker.PickerLocation
ADDED from src/main/AndroidManifest.xml:230:9-232:52
	android:screenOrientation
		ADDED from src/main/AndroidManifest.xml:232:13-49
	android:name
		ADDED from src/main/AndroidManifest.xml:231:13-59
activity#com.material.components.activity.menu.MenuOverflowToolbar
ADDED from src/main/AndroidManifest.xml:233:9-235:52
	android:screenOrientation
		ADDED from src/main/AndroidManifest.xml:235:13-49
	android:name
		ADDED from src/main/AndroidManifest.xml:234:13-62
activity#com.material.components.activity.menu.MenuOverflowList
ADDED from src/main/AndroidManifest.xml:236:9-238:52
	android:screenOrientation
		ADDED from src/main/AndroidManifest.xml:238:13-49
	android:name
		ADDED from src/main/AndroidManifest.xml:237:13-59
activity#com.material.components.activity.list.ListMultiSelection
ADDED from src/main/AndroidManifest.xml:239:9-241:52
	android:screenOrientation
		ADDED from src/main/AndroidManifest.xml:241:13-49
	android:name
		ADDED from src/main/AndroidManifest.xml:240:13-61
activity#com.material.components.activity.gridlist.GridTwoLine
ADDED from src/main/AndroidManifest.xml:242:9-244:52
	android:screenOrientation
		ADDED from src/main/AndroidManifest.xml:244:13-49
	android:name
		ADDED from src/main/AndroidManifest.xml:243:13-58
activity#com.material.components.activity.gridlist.GridAlbums
ADDED from src/main/AndroidManifest.xml:245:9-247:52
	android:screenOrientation
		ADDED from src/main/AndroidManifest.xml:247:13-49
	android:name
		ADDED from src/main/AndroidManifest.xml:246:13-57
activity#com.material.components.activity.dialog.DialogCustomInfo
ADDED from src/main/AndroidManifest.xml:248:9-250:52
	android:screenOrientation
		ADDED from src/main/AndroidManifest.xml:250:13-49
	android:name
		ADDED from src/main/AndroidManifest.xml:249:13-61
activity#com.material.components.activity.dialog.DialogCustomWarning
ADDED from src/main/AndroidManifest.xml:251:9-253:52
	android:screenOrientation
		ADDED from src/main/AndroidManifest.xml:253:13-49
	android:name
		ADDED from src/main/AndroidManifest.xml:252:13-64
activity#com.material.components.activity.dialog.DialogCustomLight
ADDED from src/main/AndroidManifest.xml:254:9-256:52
	android:screenOrientation
		ADDED from src/main/AndroidManifest.xml:256:13-49
	android:name
		ADDED from src/main/AndroidManifest.xml:255:13-62
activity#com.material.components.activity.dialog.DialogAddPost
ADDED from src/main/AndroidManifest.xml:257:9-259:52
	android:screenOrientation
		ADDED from src/main/AndroidManifest.xml:259:13-49
	android:name
		ADDED from src/main/AndroidManifest.xml:258:13-58
activity#com.material.components.activity.dialog.DialogCustomDark
ADDED from src/main/AndroidManifest.xml:260:9-262:52
	android:screenOrientation
		ADDED from src/main/AndroidManifest.xml:262:13-49
	android:name
		ADDED from src/main/AndroidManifest.xml:261:13-61
activity#com.material.components.activity.dialog.DialogAddReview
ADDED from src/main/AndroidManifest.xml:263:9-265:52
	android:screenOrientation
		ADDED from src/main/AndroidManifest.xml:265:13-49
	android:name
		ADDED from src/main/AndroidManifest.xml:264:13-60
activity#com.material.components.activity.chip.ChipTag
ADDED from src/main/AndroidManifest.xml:266:9-268:52
	android:screenOrientation
		ADDED from src/main/AndroidManifest.xml:268:13-49
	android:name
		ADDED from src/main/AndroidManifest.xml:267:13-50
activity#com.material.components.activity.card.CardOverlap
ADDED from src/main/AndroidManifest.xml:269:9-272:59
	android:screenOrientation
		ADDED from src/main/AndroidManifest.xml:271:13-49